<?xml version="1.0" encoding="UTF-8"?>
<testng-results ignored="0" total="2" passed="2" failed="0" skipped="0">
  <reporter-output>
  </reporter-output>
  <suite started-at="2023-01-28T20:20:17 IST" name="Default suite" finished-at="2023-01-28T20:20:26 IST" duration-ms="8894">
    <groups>
    </groups>
    <test started-at="2023-01-28T20:20:17 IST" name="Default test" finished-at="2023-01-28T20:20:26 IST" duration-ms="8894">
      <class name="allAboutPractice.testCase">
        <test-method is-config="true" signature="driver()[pri:0, instance:allAboutPractice.testCase@4efac082]" started-at="2023-01-28T20:20:17 IST" name="driver" finished-at="2023-01-28T20:20:23 IST" duration-ms="6127" status="PASS">
          <reporter-output>
          </reporter-output>
        </test-method> <!-- driver -->
        <test-method signature="test()[pri:0, instance:allAboutPractice.testCase@4efac082]" started-at="2023-01-28T20:20:24 IST" name="test" finished-at="2023-01-28T20:20:26 IST" duration-ms="2289" status="PASS">
          <reporter-output>
          </reporter-output>
        </test-method> <!-- test -->
        <test-method signature="test1()[pri:0, instance:allAboutPractice.testCase@4efac082]" started-at="2023-01-28T20:20:26 IST" name="test1" finished-at="2023-01-28T20:20:26 IST" duration-ms="426" status="PASS">
          <reporter-output>
          </reporter-output>
        </test-method> <!-- test1 -->
      </class> <!-- allAboutPractice.testCase -->
    </test> <!-- Default test -->
  </suite> <!-- Default suite -->
</testng-results>
